D:\SULI\FH WIEN\5.SEMESTER\GAME DEVELOPMENT\ANGEL-3.2\CODE\CLIENTGAME\DEBUG\CLIENTGAME.PCH
D:\SULI\FH WIEN\5.SEMESTER\GAME DEVELOPMENT\ANGEL-3.2\CODE\CLIENTGAME\DEBUG\STDAFX.OBJ
D:\SULI\FH WIEN\5.SEMESTER\GAME DEVELOPMENT\ANGEL-3.2\CODE\CLIENTGAME\DEBUG\VC110.PDB
D:\SULI\FH WIEN\5.SEMESTER\GAME DEVELOPMENT\ANGEL-3.2\CODE\CLIENTGAME\DEBUG\ANGELLUAWRAPPING.OBJ
D:\SULI\FH WIEN\5.SEMESTER\GAME DEVELOPMENT\ANGEL-3.2\CODE\CLIENTGAME\DEBUG\BARRYACTOR.OBJ
D:\SULI\FH WIEN\5.SEMESTER\GAME DEVELOPMENT\ANGEL-3.2\CODE\CLIENTGAME\DEBUG\COMMAND.OBJ
D:\SULI\FH WIEN\5.SEMESTER\GAME DEVELOPMENT\ANGEL-3.2\CODE\CLIENTGAME\DEBUG\COMMTEXT.OBJ
D:\SULI\FH WIEN\5.SEMESTER\GAME DEVELOPMENT\ANGEL-3.2\CODE\CLIENTGAME\DEBUG\INTERPRETER.OBJ
D:\SULI\FH WIEN\5.SEMESTER\GAME DEVELOPMENT\ANGEL-3.2\CODE\CLIENTGAME\DEBUG\MAINMENU.OBJ
D:\SULI\FH WIEN\5.SEMESTER\GAME DEVELOPMENT\ANGEL-3.2\CODE\CLIENTGAME\DEBUG\TEXTINPUT.OBJ
D:\SULI\FH WIEN\5.SEMESTER\GAME DEVELOPMENT\ANGEL-3.2\CODE\CLIENTGAME\DEBUG\TREATMENTROOM.OBJ
D:\SULI\FH WIEN\5.SEMESTER\GAME DEVELOPMENT\ANGEL-3.2\CODE\CLIENTGAME\DEBUG\MYGAMEMANAGER.OBJ
D:\SULI\FH WIEN\5.SEMESTER\GAME DEVELOPMENT\ANGEL-3.2\CODE\CLIENTGAME\DEBUG\MAIN.OBJ
D:\Suli\FH Wien\5.Semester\Game Development\Angel-3.2\Code\ClientGame\Debug\ClientGame.lib
D:\Suli\FH Wien\5.Semester\Game Development\Angel-3.2\Code\ClientGame\Debug\ClientGame.exp
D:\SULI\FH WIEN\5.SEMESTER\GAME DEVELOPMENT\ANGEL-3.2\CODE\CLIENTGAME\DEBUG\CLIENTGAME.ILK
D:\SULI\FH WIEN\5.SEMESTER\GAME DEVELOPMENT\ANGEL-3.2\CODE\CLIENTGAME\DEBUG\CLIENTGAME.EXE
D:\SULI\FH WIEN\5.SEMESTER\GAME DEVELOPMENT\ANGEL-3.2\CODE\CLIENTGAME\DEBUG\CLIENTGAME.PDB
D:\SULI\FH WIEN\5.SEMESTER\GAME DEVELOPMENT\ANGEL-3.2\CODE\CLIENTGAME\DEBUG\CLIENTGAME.RES
D:\Suli\FH Wien\5.Semester\Game Development\Angel-3.2\Code\ClientGame\Debug\ClientGame.vcxprojResolveAssemblyReference.cache
D:\Suli\FH Wien\5.Semester\Game Development\Angel-3.2\Code\ClientGame\Debug\AngelLuaWrapping.obj
D:\Suli\FH Wien\5.Semester\Game Development\Angel-3.2\Code\ClientGame\Debug\BarryActor.obj
D:\Suli\FH Wien\5.Semester\Game Development\Angel-3.2\Code\ClientGame\Debug\Command.obj
D:\Suli\FH Wien\5.Semester\Game Development\Angel-3.2\Code\ClientGame\Debug\CommText.obj
D:\Suli\FH Wien\5.Semester\Game Development\Angel-3.2\Code\ClientGame\Debug\Interpreter.obj
D:\Suli\FH Wien\5.Semester\Game Development\Angel-3.2\Code\ClientGame\Debug\Main.obj
D:\Suli\FH Wien\5.Semester\Game Development\Angel-3.2\Code\ClientGame\Debug\MainMenu.obj
D:\Suli\FH Wien\5.Semester\Game Development\Angel-3.2\Code\ClientGame\Debug\MyGameManager.obj
D:\Suli\FH Wien\5.Semester\Game Development\Angel-3.2\Code\ClientGame\Debug\stdafx.obj
D:\Suli\FH Wien\5.Semester\Game Development\Angel-3.2\Code\ClientGame\Debug\TextInput.obj
D:\Suli\FH Wien\5.Semester\Game Development\Angel-3.2\Code\ClientGame\Debug\TreatmentRoom.obj
D:\Suli\FH Wien\5.Semester\Game Development\Angel-3.2\Code\ClientGame\Debug\ClientGame.ilk
D:\Suli\FH Wien\5.Semester\Game Development\Angel-3.2\Code\ClientGame\Debug\cl.command.1.tlog
D:\Suli\FH Wien\5.Semester\Game Development\Angel-3.2\Code\ClientGame\Debug\CL.read.1.tlog
D:\Suli\FH Wien\5.Semester\Game Development\Angel-3.2\Code\ClientGame\Debug\CL.write.1.tlog
D:\Suli\FH Wien\5.Semester\Game Development\Angel-3.2\Code\ClientGame\Debug\ClientGame.write.1.tlog
D:\Suli\FH Wien\5.Semester\Game Development\Angel-3.2\Code\ClientGame\Debug\link-cvtres.read.1.tlog
D:\Suli\FH Wien\5.Semester\Game Development\Angel-3.2\Code\ClientGame\Debug\link-cvtres.write.1.tlog
D:\Suli\FH Wien\5.Semester\Game Development\Angel-3.2\Code\ClientGame\Debug\link-rc.read.1.tlog
D:\Suli\FH Wien\5.Semester\Game Development\Angel-3.2\Code\ClientGame\Debug\link-rc.write.1.tlog
D:\Suli\FH Wien\5.Semester\Game Development\Angel-3.2\Code\ClientGame\Debug\link.command.1.tlog
D:\Suli\FH Wien\5.Semester\Game Development\Angel-3.2\Code\ClientGame\Debug\link.read.1.tlog
D:\Suli\FH Wien\5.Semester\Game Development\Angel-3.2\Code\ClientGame\Debug\link.write.1.tlog
D:\Suli\FH Wien\5.Semester\Game Development\Angel-3.2\Code\ClientGame\Debug\rc.command.1.tlog
D:\Suli\FH Wien\5.Semester\Game Development\Angel-3.2\Code\ClientGame\Debug\rc.read.1.tlog
D:\Suli\FH Wien\5.Semester\Game Development\Angel-3.2\Code\ClientGame\Debug\rc.write.1.tlog
D:\Suli\FH Wien\5.Semester\Game Development\Angel-3.2\Code\ClientGame\Debug\ClientGame.res
D:\Suli\FH Wien\5.Semester\Game Development\Angel-3.2\Code\ClientGame\Debug\ClientGame.pch
D:\Suli\FH Wien\5.Semester\Game Development\Angel-3.2\Code\ClientGame\Debug\vc110.idb
D:\Suli\FH Wien\5.Semester\Game Development\Angel-3.2\Code\ClientGame\Debug\ClientGame.pdb
D:\Suli\FH Wien\5.Semester\Game Development\Angel-3.2\Code\ClientGame\Debug\vc110.pdb
D:\Suli\FH Wien\5.Semester\Game Development\Angel-3.2\Code\ClientGame\Debug\ClientGame.exe
