Build started 2013.12.05. 17:04:48.
     1>Project "D:\Suli\FH Wien\5.Semester\Game Development\Angel-3.2\Code\ClientGame\ClientGame.vcxproj" on node 2 (Build target(s)).
     1>PreBuildEvent:
         xcopy ..\Angel\Scripting\EngineScripts\* Resources\Scripts /y /e > nul
         
         cd ..\Tools\BuildScripts
         ..\..\Angel\Libraries\lua-5.2.1\Release\lua.exe swig_wrap.lua -p "D:\Suli\FH Wien\5.Semester\Game Development\Angel-3.2\Code\"
         
         :VCEnd
         Interface files are up to date.
       ClCompile:
         D:\Program Files\Microsoft Visual Studio 11.0\VC\bin\CL.exe /c /I"D:\Program Files\Microsoft DirectX SDK (June 2010)\include" /I"D:\Suli\FH Wien\5.Semester\Game Development\Angel-3.2\Code\ClientGame\\..\Angel" /I"D:\Suli\FH Wien\5.Semester\Game Development\Angel-3.2\Code\ClientGame\\..\Angel\Libraries\freetype-2.4.8\include" /I"D:\Suli\FH Wien\5.Semester\Game Development\Angel-3.2\Code\ClientGame\\..\Angel\Libraries\FTGL\include" /I"D:\Suli\FH Wien\5.Semester\Game Development\Angel-3.2\Code\ClientGame\\..\Angel\Libraries\DevIL-SDK-1.7.8\win\include" /I"D:\Suli\FH Wien\5.Semester\Game Development\Angel-3.2\Code\ClientGame\\..\Angel\Libraries\glfw-3.0.3\include" /I"D:\Suli\FH Wien\5.Semester\Game Development\Angel-3.2\Code\ClientGame\\..\Angel\Libraries\Box2D-2.2.1" /I"D:\Suli\FH Wien\5.Semester\Game Development\Angel-3.2\Code\ClientGame\\..\Angel\Libraries\lua-5.2.1\src" /I"D:\Suli\FH Wien\5.Semester\Game Development\Angel-3.2\Code\ClientGame\\..\Angel\Libraries\FMOD\inc" /I"D:\Suli\FH Wien\5.Semester\Game Development\Angel-3.2\Code\ClientGame\\..\Angel\Libraries\openal-soft-1.15-bin\include" /I"D:\Suli\FH Wien\5.Semester\Game Development\Angel-3.2\Code\ClientGame\\..\Angel\Libraries\libogg-1.3.0\include" /I"D:\Suli\FH Wien\5.Semester\Game Development\Angel-3.2\Code\ClientGame\\..\Angel\Libraries\libvorbis-1.3.2\include" /Zi /nologo /W3 /WX- /O2 /Oy- /GL /D WIN32 /D NDEBUG /D _CONSOLE /D FTGL_LIBRARY_STATIC /D ANGEL_RELEASE /D _UNICODE /D UNICODE /Gm- /EHsc /MD /GS /fp:precise /Zc:wchar_t /Zc:forScope /Yu"stdafx.h" /Fp"Release\ClientGame.pch" /Fo"Release\\" /Fd"Release\vc110.pdb" /Gd /TP /wd4244 /analyze- /errorReport:prompt BarryActor.cpp Interpreter.cpp Main.cpp MyGameManager.cpp TreatmentRoom.cpp
         BarryActor.cpp
     1>BarryActor.cpp(24): error C2259: 'TreatmentRoom' : cannot instantiate abstract class
                 due to following members:
                 'Room::Answer Room::allowedCommand(String,String,int)' : is abstract
                 d:\suli\fh wien\5.semester\game development\angel-3.2\code\clientgame\Room.h(16) : see declaration of 'Room::allowedCommand'
         Interpreter.cpp
     1>d:\suli\fh wien\5.semester\game development\angel-3.2\code\clientgame\Room.h(4): error C2011: 'Room' : 'class' type redefinition
                 d:\suli\fh wien\5.semester\game development\angel-3.2\code\clientgame\Room.h(4) : see declaration of 'Room'
     1>d:\suli\fh wien\5.semester\game development\angel-3.2\code\clientgame\TreatmentRoom.h(6): error C2504: 'Room' : base class undefined
     1>d:\suli\fh wien\5.semester\game development\angel-3.2\code\clientgame\TreatmentRoom.h(17): error C2143: syntax error : missing ';' before '*'
     1>d:\suli\fh wien\5.semester\game development\angel-3.2\code\clientgame\TreatmentRoom.h(17): error C4430: missing type specifier - int assumed. Note: C++ does not support default-int
         Main.cpp
         MyGameManager.cpp
         TreatmentRoom.cpp
     1>Done Building Project "D:\Suli\FH Wien\5.Semester\Game Development\Angel-3.2\Code\ClientGame\ClientGame.vcxproj" (Build target(s)) -- FAILED.

Build FAILED.

Time Elapsed 00:00:08.74
